   Compiling proc-macro2 v1.0.106
   Compiling unicode-ident v1.0.24
   Compiling quote v1.0.45
   Compiling serde_core v1.0.228
   Compiling libc v0.2.183
   Compiling serde v1.0.228
   Compiling autocfg v1.5.0
    Checking futures-core v0.3.32
    Checking pin-project-lite v0.2.17
    Checking memchr v2.8.0
    Checking futures-sink v0.3.32
   Compiling zmij v1.0.21
    Checking smallvec v1.15.1
    Checking futures-io v0.3.32
    Checking futures-task v0.3.32
   Compiling parking_lot_core v0.9.12
    Checking hashbrown v0.16.1
    Checking equivalent v1.0.2
    Checking slab v0.4.12
   Compiling serde_json v1.0.149
    Checking toml_write v0.1.2
    Checking scopeguard v1.2.0
   Compiling thiserror v1.0.69
    Checking winnow v0.7.15
   Compiling num-traits v0.2.19
    Checking cfg-if v1.0.4
    Checking futures-channel v0.3.32
    Checking iana-time-zone v0.1.65
    Checking itoa v1.0.18
    Checking rustc-hash v2.1.1
    Checking bytes v1.11.1
    Checking indexmap v2.13.0
    Checking lock_api v0.4.14
    Checking errno v0.3.14
    Checking mio v1.1.1
    Checking socket2 v0.6.3
    Checking signal-hook-registry v1.4.8
    Checking parking_lot v0.12.5
   Compiling syn v2.0.117
   Compiling serde_derive v1.0.228
   Compiling futures-macro v0.3.32
   Compiling thiserror-impl v1.0.69
   Compiling async-trait v0.1.89
   Compiling tokio-macros v2.6.1
    Checking tokio v1.50.0
    Checking futures-util v0.3.32
    Checking futures-executor v0.3.32
    Checking futures v0.3.32
    Checking serde_spanned v0.6.9
    Checking toml_datetime v0.6.11
    Checking chrono v0.4.44
    Checking toml_edit v0.22.27
    Checking toml v0.8.23
    Checking secir v0.1.0 (/home/mukund-thiru/Santh/libs/secir)
error: this `impl` can be derived
   --> src/compose.rs:826:1
    |
826 | / impl Default for HttpStepConfig {
827 | |     fn default() -> Self {
828 | |         Self {
829 | |             method: None,
...   |
838 | | }
    | |_^
    |
    = help: for further information visit https://rust-lang.github.io/rust-clippy/rust-1.93.0/index.html#derivable_impls
    = note: `-D clippy::derivable-impls` implied by `-D warnings`
    = help: to override `-D warnings` add `#[allow(clippy::derivable_impls)]`
help: replace the manual implementation with a derive attribute
    |
144 + #[derive(Default)]
145 | pub struct HttpStepConfig {
    |

error: method `default` can be confused for the standard trait method `std::default::Default::default`
  --> src/patterns.rs:43:5
   |
43 | /     pub fn default() -> Self {
44 | |         let config: PatternConfig = toml::from_str(DEFAULTS_TOML).expect("Failed to parse defaults.toml");
45 | |         let mut set = PatternSet {
46 | |             js_endpoints: Vec::new(),
...  |
56 | |         set
57 | |     }
   | |_____^
   |
   = help: consider implementing the trait `std::default::Default` or choosing a less ambiguous method name
   = help: for further information visit https://rust-lang.github.io/rust-clippy/rust-1.93.0/index.html#should_implement_trait
   = note: `-D clippy::should-implement-trait` implied by `-D warnings`
   = help: to override `-D warnings` add `#[allow(clippy::should_implement_trait)]`

error: this `if` statement can be collapsed
  --> src/patterns.rs:73:9
   |
73 | /         if dir.is_dir() {
74 | |             if let Ok(entries) = fs::read_dir(dir) {
75 | |                 for entry in entries.filter_map(Result::ok) {
76 | |                     let path = entry.path();
...  |
88 | |         }
   | |_________^
   |
   = help: for further information visit https://rust-lang.github.io/rust-clippy/rust-1.93.0/index.html#collapsible_if
   = note: `-D clippy::collapsible-if` implied by `-D warnings`
   = help: to override `-D warnings` add `#[allow(clippy::collapsible_if)]`
help: collapse nested if block
   |
73 ~         if dir.is_dir()
74 ~             && let Ok(entries) = fs::read_dir(dir) {
75 |                 for entry in entries.filter_map(Result::ok) {
...
86 |                 }
87 ~             }
   |

error: this `if` statement can be collapsed
  --> src/patterns.rs:77:21
   |
77 | /                     if path.is_file() && path.extension().map_or(false, |e| e == "toml") {
78 | |                         if let Ok(content) = fs::read_to_string(&path) {
79 | |                             if let Ok(config) = toml::from_str::<PatternConfig>(&content) {
80 | |                                 for pattern in config.patterns {
...  |
85 | |                     }
   | |_____________________^
   |
   = help: for further information visit https://rust-lang.github.io/rust-clippy/rust-1.93.0/index.html#collapsible_if
help: collapse nested if block
   |
77 ~                     if path.is_file() && path.extension().map_or(false, |e| e == "toml")
78 ~                         && let Ok(content) = fs::read_to_string(&path) {
79 |                             if let Ok(config) = toml::from_str::<PatternConfig>(&content) {
...
83 |                             }
84 ~                         }
   |

error: this `map_or` can be simplified
  --> src/patterns.rs:77:42
   |
77 |                     if path.is_file() && path.extension().map_or(false, |e| e == "toml") {
   |                                          ^^^^^^^^^^^^^^^^^^^^^^^^^^^^^^^^^^^^^^^^^^^^^^^
   |
   = help: for further information visit https://rust-lang.github.io/rust-clippy/rust-1.93.0/index.html#unnecessary_map_or
   = note: `-D clippy::unnecessary-map-or` implied by `-D warnings`
   = help: to override `-D warnings` add `#[allow(clippy::unnecessary_map_or)]`
help: use is_some_and instead
   |
77 -                     if path.is_file() && path.extension().map_or(false, |e| e == "toml") {
77 +                     if path.is_file() && path.extension().is_some_and(|e| e == "toml") {
   |

error: this `if` statement can be collapsed
  --> src/patterns.rs:78:25
   |
78 | /                         if let Ok(content) = fs::read_to_string(&path) {
79 | |                             if let Ok(config) = toml::from_str::<PatternConfig>(&content) {
80 | |                                 for pattern in config.patterns {
81 | |                                     set.add_pattern(pattern);
...  |
84 | |                         }
   | |_________________________^
   |
   = help: for further information visit https://rust-lang.github.io/rust-clippy/rust-1.93.0/index.html#collapsible_if
help: collapse nested if block
   |
78 ~                         if let Ok(content) = fs::read_to_string(&path)
79 ~                             && let Ok(config) = toml::from_str::<PatternConfig>(&content) {
80 |                                 for pattern in config.patterns {
81 |                                     set.add_pattern(pattern);
82 |                                 }
83 ~                             }
   |

error: could not compile `secir` (lib) due to 6 previous errors
warning: build failed, waiting for other jobs to finish...
error: items after a test module
   --> src/compose.rs:313:1
    |
313 | mod tests {
    | ^^^^^^^^^
...
826 | impl Default for HttpStepConfig {
    | ^^^^^^^^^^^^^^^^^^^^^^^^^^^^^^^
    |
    = help: for further information visit https://rust-lang.github.io/rust-clippy/rust-1.93.0/index.html#items_after_test_module
    = note: `-D clippy::items-after-test-module` implied by `-D warnings`
    = help: to override `-D warnings` add `#[allow(clippy::items_after_test_module)]`
    = help: move the items to before the test module was defined

error: could not compile `secir` (lib test) due to 7 previous errors
